<?xml version="1.0" encoding="UTF-8"?>
<Site BuildName="Linux-g++"
	BuildStamp="20240403-2310-Experimental"
	Name="PC"
	Generator="ctest-3.27.4"
	CompilerName="/usr/bin/g++"
	CompilerVersion="13.2.0"
	OSName="Linux"
	Hostname="PC"
	OSRelease="6.5.0-26-generic"
	OSVersion="#26-Ubuntu SMP PREEMPT_DYNAMIC Tue Mar  5 21:19:28 UTC 2024"
	OSPlatform="x86_64"
	Is64Bits="1"
	VendorString="AuthenticAMD"
	VendorID="Advanced Micro Devices"
	FamilyID="25"
	ModelID="33"
	ProcessorCacheSize="512"
	NumberOfLogicalCPU="16"
	NumberOfPhysicalCPU="8"
	TotalVirtualMemory="8191"
	TotalPhysicalMemory="31993"
	LogicalProcessorsPerPhysical="2"
	ProcessorClockFrequency="3724.86"
	>
	<Testing>
		<StartDateTime>Apr 04 01:27 CEST</StartDateTime>
		<StartTestTime>1712186827</StartTestTime>
		<TestList/>
		<EndDateTime>Apr 04 01:27 CEST</EndDateTime>
		<EndTestTime>1712186827</EndTestTime>
		<ElapsedMinutes>0</ElapsedMinutes>
	</Testing>
</Site>
